Using pre-set license
Built from '2020.3/staging' branch; Version is '2020.3.16f1 (049d6eca3c44) revision 302446'; Using compiler version '192528614'; Build Type 'Release'
OS: 'Windows 10 Home; OS build 19043.1348; Version 2009; 64bit' Language: 'en' Physical Memory: 16230 MB
BatchMode: 1, IsHumanControllingUs: 0, StartBugReporterOnCrash: 0, Is64bit: 1, IsPro: 0

 COMMAND LINE ARGUMENTS:
D:\UnityMSI\2020.3.16f1\Editor\Unity.exe
-adb2
-batchMode
-noUpm
-name
AssetImportWorker0
-projectPath
D:/OneDrive/UPC/2021-2/DJ1/TF
-logFile
Logs/AssetImportWorker0.log
-srvPort
55057
Successfully changed project path to: D:/OneDrive/UPC/2021-2/DJ1/TF
D:/OneDrive/UPC/2021-2/DJ1/TF
Using Asset Import Pipeline V2.
Refreshing native plugins compatible for Editor in 57.07 ms, found 3 plugins.
Preloading 0 native plugins for Editor in 0.00 ms.
Initialize engine version: 2020.3.16f1 (049d6eca3c44)
[Subsystems] Discovering subsystems at path D:/UnityMSI/2020.3.16f1/Editor/Data/Resources/UnitySubsystems
[Subsystems] Discovering subsystems at path D:/OneDrive/UPC/2021-2/DJ1/TF/Assets
GfxDevice: creating device client; threaded=0
Direct3D:
    Version:  Direct3D 11.0 [level 11.1]
    Renderer: NVIDIA GeForce GTX 1070 (ID=0x1ba1)
    Vendor:   
    VRAM:     8081 MB
    Driver:   30.0.14.9613
Initialize mono
Mono path[0] = 'D:/UnityMSI/2020.3.16f1/Editor/Data/Managed'
Mono path[1] = 'D:/UnityMSI/2020.3.16f1/Editor/Data/MonoBleedingEdge/lib/mono/unityjit'
Mono config path = 'D:/UnityMSI/2020.3.16f1/Editor/Data/MonoBleedingEdge/etc'
Using monoOptions --debugger-agent=transport=dt_socket,embedding=1,server=y,suspend=n,address=127.0.0.1:56992
Begin MonoManager ReloadAssembly
Registering precompiled unity dll's ...
Register platform support module: D:/UnityMSI/2020.3.16f1/Editor/Data/PlaybackEngines/WindowsStandaloneSupport/UnityEditor.WindowsStandalone.Extensions.dll
Registered in 0.005454 seconds.
Native extension for WindowsStandalone target not found
Refreshing native plugins compatible for Editor in 47.34 ms, found 3 plugins.
Preloading 0 native plugins for Editor in 0.00 ms.
Mono: successfully reloaded assembly
- Completed reload, in  1.466 seconds
Domain Reload Profiling:
	ReloadAssembly (1467ms)
		BeginReloadAssembly (88ms)
			ExecutionOrderSort (0ms)
			DisableScriptedObjects (0ms)
			BackupInstance (0ms)
			ReleaseScriptingObjects (0ms)
			CreateAndSetChildDomain (1ms)
		EndReloadAssembly (470ms)
			LoadAssemblies (82ms)
			RebuildTransferFunctionScriptingTraits (0ms)
			SetupTypeCache (169ms)
			ReleaseScriptCaches (0ms)
			RebuildScriptCaches (34ms)
			SetupLoadedEditorAssemblies (178ms)
				LogAssemblyErrors (0ms)
				InitializePlatformSupportModulesInManaged (4ms)
				SetLoadedEditorAssemblies (0ms)
				RefreshPlugins (47ms)
				BeforeProcessingInitializeOnLoad (14ms)
				ProcessInitializeOnLoadAttributes (79ms)
				ProcessInitializeOnLoadMethodAttributes (32ms)
				AfterProcessingInitializeOnLoad (0ms)
				EditorAssembliesLoaded (0ms)
			ExecutionOrderSort2 (0ms)
			AwakeInstancesAfterBackupRestoration (0ms)
Platform modules already initialized, skipping
Registering precompiled user dll's ...
Registered in 0.009406 seconds.
Begin MonoManager ReloadAssembly
Native extension for WindowsStandalone target not found
Refreshing native plugins compatible for Editor in 44.62 ms, found 3 plugins.
Preloading 0 native plugins for Editor in 0.00 ms.
Mono: successfully reloaded assembly
- Completed reload, in  1.577 seconds
Domain Reload Profiling:
	ReloadAssembly (1578ms)
		BeginReloadAssembly (339ms)
			ExecutionOrderSort (0ms)
			DisableScriptedObjects (21ms)
			BackupInstance (0ms)
			ReleaseScriptingObjects (0ms)
			CreateAndSetChildDomain (33ms)
		EndReloadAssembly (1128ms)
			LoadAssemblies (179ms)
			RebuildTransferFunctionScriptingTraits (0ms)
			SetupTypeCache (325ms)
			ReleaseScriptCaches (0ms)
			RebuildScriptCaches (50ms)
			SetupLoadedEditorAssemblies (481ms)
				LogAssemblyErrors (0ms)
				InitializePlatformSupportModulesInManaged (5ms)
				SetLoadedEditorAssemblies (0ms)
				RefreshPlugins (45ms)
				BeforeProcessingInitializeOnLoad (108ms)
				ProcessInitializeOnLoadAttributes (291ms)
				ProcessInitializeOnLoadMethodAttributes (16ms)
				AfterProcessingInitializeOnLoad (17ms)
				EditorAssembliesLoaded (0ms)
			ExecutionOrderSort2 (0ms)
			AwakeInstancesAfterBackupRestoration (7ms)
Platform modules already initialized, skipping
========================================================================
Worker process is ready to serve import requests
Launched and connected shader compiler UnityShaderCompiler.exe after 0.08 seconds
Refreshing native plugins compatible for Editor in 0.48 ms, found 3 plugins.
Preloading 0 native plugins for Editor in 0.00 ms.
Unloading 2093 Unused Serialized files (Serialized files now loaded: 0)
System memory in use before: 93.1 MB.
System memory in use after: 93.2 MB.

Unloading 28 unused Assets to reduce memory usage. Loaded Objects now: 2531.
Total: 4.223500 ms (FindLiveObjects: 0.238900 ms CreateObjectMapping: 0.121800 ms MarkObjects: 3.769000 ms  DeleteObjects: 0.091700 ms)

AssetImportParameters requested are different than current active one (requested -> active):
  custom:framework-win-MediaFoundation: 216162199b28c13a410421893ffa2e32 -> 
  custom:video-decoder-ogg-theora: a1e56fd34408186e4bbccfd4996cb3dc -> 
  custom:container-muxer-webm: aa71ff27fc2769a1b78a27578f13a17b -> 
  custom:container-demuxer-webm: 4f35f7cbe854078d1ac9338744f61a02 -> 
  custom:container-demuxer-ogg: 62fdf1f143b41e24485cea50d1cbac27 -> 
  custom:video-encoder-webm-vp8: eb34c28f22e8b96e1ab97ce403110664 -> 
  custom:video-decoder-webm-vp8: 9c59270c3fd7afecdb556c50c9e8de78 -> 
  custom:audio-decoder-ogg-vorbis: bf7c407c2cedff20999df2af8eb42d56 -> 
  custom:audio-encoder-webm-vorbis: bf7c407c2cedff20999df2af8eb42d56 -> 
========================================================================
Received Import Request.
  path: Assets/Scenes/DevScenes/PlatformerTestScene.unity
  artifactKey: Guid(9690f2e0433960b4db1d8b98ddc18ac4) Importer(815301076,1909f56bfc062723c751e8b465ee728b)
Start importing Assets/Scenes/DevScenes/PlatformerTestScene.unity using Guid(9690f2e0433960b4db1d8b98ddc18ac4) Importer(815301076,1909f56bfc062723c751e8b465ee728b)  -> (artifact id: '00b71f430b9f2bc56631aeaf5d553a92') in 0.061170 seconds 
  Import took 0.070179 seconds .

========================================================================
Received Import Request.
  Time since last request: 0.000371 seconds.
  path: Assets/Scenes/DevScenes
  artifactKey: Guid(99e5f65ad5991d44aacf8f65d7544084) Importer(815301076,1909f56bfc062723c751e8b465ee728b)
Start importing Assets/Scenes/DevScenes using Guid(99e5f65ad5991d44aacf8f65d7544084) Importer(815301076,1909f56bfc062723c751e8b465ee728b)  -> (artifact id: '5358153539c1208659c899de818891d9') in 0.010638 seconds 
  Import took 0.020785 seconds .

========================================================================
Received Import Request.
  Time since last request: 1.487887 seconds.
  path: Assets/Scenes/Integrantes.unity
  artifactKey: Guid(a2d468353b136f54e8f5ed2be08770a4) Importer(815301076,1909f56bfc062723c751e8b465ee728b)
Start importing Assets/Scenes/Integrantes.unity using Guid(a2d468353b136f54e8f5ed2be08770a4) Importer(815301076,1909f56bfc062723c751e8b465ee728b)  -> (artifact id: 'da8e75dc48e27960956a797ec69bb973') in 0.011219 seconds 
  Import took 0.018885 seconds .

========================================================================
Received Import Request.
  Time since last request: 15.323870 seconds.
  path: Assets/Scenes/PlatformerTestScene.unity
  artifactKey: Guid(a2d468353b136f54e8f5ed2be08770a4) Importer(815301076,1909f56bfc062723c751e8b465ee728b)
Start importing Assets/Scenes/PlatformerTestScene.unity using Guid(a2d468353b136f54e8f5ed2be08770a4) Importer(815301076,1909f56bfc062723c751e8b465ee728b)  -> (artifact id: '049034cda5c201d7a682903ff28a4a9f') in 0.003798 seconds 
  Import took 0.013122 seconds .

========================================================================
Received Import Request.
  Time since last request: 12.767840 seconds.
  path: Assets/Scenes/DevScenes/Integrantes.unity
  artifactKey: Guid(9690f2e0433960b4db1d8b98ddc18ac4) Importer(815301076,1909f56bfc062723c751e8b465ee728b)
Start importing Assets/Scenes/DevScenes/Integrantes.unity using Guid(9690f2e0433960b4db1d8b98ddc18ac4) Importer(815301076,1909f56bfc062723c751e8b465ee728b)  -> (artifact id: 'c8290f81281e36b2f0a5b399def3454f') in 0.003142 seconds 
  Import took 0.012290 seconds .

========================================================================
Received Import Request.
  Time since last request: 31.761042 seconds.
  path: Assets/Scenes/Menu.unity
  artifactKey: Guid(2cda990e2423bbf4892e6590ba056729) Importer(815301076,1909f56bfc062723c751e8b465ee728b)
Start importing Assets/Scenes/Menu.unity using Guid(2cda990e2423bbf4892e6590ba056729) Importer(815301076,1909f56bfc062723c751e8b465ee728b)  -> (artifact id: '88820672b0271a264872b1c13e58c307') in 0.007852 seconds 
  Import took 0.016975 seconds .

========================================================================
Received Import Request.
  Time since last request: 15.264009 seconds.
  path: Assets/Scenes/GameOver 1.unity
  artifactKey: Guid(4d50c2c8ac4777240b6e22a334970458) Importer(815301076,1909f56bfc062723c751e8b465ee728b)
Start importing Assets/Scenes/GameOver 1.unity using Guid(4d50c2c8ac4777240b6e22a334970458) Importer(815301076,1909f56bfc062723c751e8b465ee728b)  -> (artifact id: '470cabe5412bf04dfbd8314962c035be') in 0.007606 seconds 
  Import took 0.017220 seconds .

========================================================================
Received Import Request.
  Time since last request: 3.099334 seconds.
  path: Assets/Scenes/Integrantes.unity
  artifactKey: Guid(4d50c2c8ac4777240b6e22a334970458) Importer(815301076,1909f56bfc062723c751e8b465ee728b)
Start importing Assets/Scenes/Integrantes.unity using Guid(4d50c2c8ac4777240b6e22a334970458) Importer(815301076,1909f56bfc062723c751e8b465ee728b)  -> (artifact id: '9019b4fc65247f080d8051060607986d') in 0.003007 seconds 
  Import took 0.013445 seconds .

========================================================================
Received Import Request.
  Time since last request: 107.360954 seconds.
  path: ProjectSettings/TagManager.asset
  artifactKey: Guid(00000000000000003000000000000000) Importer(815301076,1909f56bfc062723c751e8b465ee728b)
Start importing ProjectSettings/TagManager.asset using Guid(00000000000000003000000000000000) Importer(815301076,1909f56bfc062723c751e8b465ee728b)  -> (artifact id: '95df672b4aaba54310d34c83eef51bb8') in 0.046325 seconds 
  Import took 0.056151 seconds .

========================================================================
Received Import Request.
  Time since last request: 126.951946 seconds.
  path: ProjectSettings/TagManager.asset
  artifactKey: Guid(00000000000000003000000000000000) Importer(815301076,1909f56bfc062723c751e8b465ee728b)
Start importing ProjectSettings/TagManager.asset using Guid(00000000000000003000000000000000) Importer(815301076,1909f56bfc062723c751e8b465ee728b)  -> (artifact id: 'f5964681c5beeeea877f170a46c63dd4') in 0.004645 seconds 
  Import took 0.014374 seconds .

========================================================================
Received Import Request.
  Time since last request: 324.506979 seconds.
  path: ProjectSettings/TagManager.asset
  artifactKey: Guid(00000000000000003000000000000000) Importer(815301076,1909f56bfc062723c751e8b465ee728b)
Start importing ProjectSettings/TagManager.asset using Guid(00000000000000003000000000000000) Importer(815301076,1909f56bfc062723c751e8b465ee728b)  -> (artifact id: 'fa21e7d972d3fbd5129feba55967a0ec') in 0.004443 seconds 
  Import took 0.015765 seconds .

AssetImportWorkerClient::OnTransportError - code=2 error=End of file
