Using pre-set license
Built from '2020.3/staging' branch; Version is '2020.3.16f1 (049d6eca3c44) revision 302446'; Using compiler version '192528614'; Build Type 'Release'
OS: 'Windows 10 Home; OS build 19043.1348; Version 2009; 64bit' Language: 'en' Physical Memory: 16230 MB
BatchMode: 1, IsHumanControllingUs: 0, StartBugReporterOnCrash: 0, Is64bit: 1, IsPro: 0

 COMMAND LINE ARGUMENTS:
D:\UnityMSI\2020.3.16f1\Editor\Unity.exe
-adb2
-batchMode
-noUpm
-name
AssetImportWorker0
-projectPath
D:/OneDrive/UPC/2021-2/DJ1/TF
-logFile
Logs/AssetImportWorker0.log
-srvPort
50206
Successfully changed project path to: D:/OneDrive/UPC/2021-2/DJ1/TF
D:/OneDrive/UPC/2021-2/DJ1/TF
Using Asset Import Pipeline V2.
Refreshing native plugins compatible for Editor in 285.83 ms, found 3 plugins.
Preloading 0 native plugins for Editor in 0.00 ms.
Initialize engine version: 2020.3.16f1 (049d6eca3c44)
[Subsystems] Discovering subsystems at path D:/UnityMSI/2020.3.16f1/Editor/Data/Resources/UnitySubsystems
[Subsystems] Discovering subsystems at path D:/OneDrive/UPC/2021-2/DJ1/TF/Assets
GfxDevice: creating device client; threaded=0
Direct3D:
    Version:  Direct3D 11.0 [level 11.1]
    Renderer: NVIDIA GeForce GTX 1070 (ID=0x1ba1)
    Vendor:   
    VRAM:     8081 MB
    Driver:   30.0.14.9613
Initialize mono
Mono path[0] = 'D:/UnityMSI/2020.3.16f1/Editor/Data/Managed'
Mono path[1] = 'D:/UnityMSI/2020.3.16f1/Editor/Data/MonoBleedingEdge/lib/mono/unityjit'
Mono config path = 'D:/UnityMSI/2020.3.16f1/Editor/Data/MonoBleedingEdge/etc'
Using monoOptions --debugger-agent=transport=dt_socket,embedding=1,server=y,suspend=n,address=127.0.0.1:56844
Begin MonoManager ReloadAssembly
Registering precompiled unity dll's ...
Register platform support module: D:/UnityMSI/2020.3.16f1/Editor/Data/PlaybackEngines/WindowsStandaloneSupport/UnityEditor.WindowsStandalone.Extensions.dll
Registered in 0.132251 seconds.
Native extension for WindowsStandalone target not found
Refreshing native plugins compatible for Editor in 45.36 ms, found 3 plugins.
Preloading 0 native plugins for Editor in 0.00 ms.
Mono: successfully reloaded assembly
- Completed reload, in  6.289 seconds
Domain Reload Profiling:
	ReloadAssembly (6290ms)
		BeginReloadAssembly (3853ms)
			ExecutionOrderSort (0ms)
			DisableScriptedObjects (0ms)
			BackupInstance (0ms)
			ReleaseScriptingObjects (0ms)
			CreateAndSetChildDomain (1ms)
		EndReloadAssembly (1038ms)
			LoadAssemblies (3847ms)
			RebuildTransferFunctionScriptingTraits (0ms)
			SetupTypeCache (695ms)
			ReleaseScriptCaches (0ms)
			RebuildScriptCaches (36ms)
			SetupLoadedEditorAssemblies (190ms)
				LogAssemblyErrors (0ms)
				InitializePlatformSupportModulesInManaged (5ms)
				SetLoadedEditorAssemblies (0ms)
				RefreshPlugins (45ms)
				BeforeProcessingInitializeOnLoad (15ms)
				ProcessInitializeOnLoadAttributes (91ms)
				ProcessInitializeOnLoadMethodAttributes (33ms)
				AfterProcessingInitializeOnLoad (0ms)
				EditorAssembliesLoaded (0ms)
			ExecutionOrderSort2 (0ms)
			AwakeInstancesAfterBackupRestoration (0ms)
Platform modules already initialized, skipping
Registering precompiled user dll's ...
Registered in 0.720077 seconds.
Begin MonoManager ReloadAssembly
Native extension for WindowsStandalone target not found
Refreshing native plugins compatible for Editor in 54.80 ms, found 3 plugins.
Preloading 0 native plugins for Editor in 0.00 ms.
Mono: successfully reloaded assembly
- Completed reload, in  4.940 seconds
Domain Reload Profiling:
	ReloadAssembly (4945ms)
		BeginReloadAssembly (195ms)
			ExecutionOrderSort (0ms)
			DisableScriptedObjects (5ms)
			BackupInstance (0ms)
			ReleaseScriptingObjects (0ms)
			CreateAndSetChildDomain (22ms)
		EndReloadAssembly (4647ms)
			LoadAssemblies (2530ms)
			RebuildTransferFunctionScriptingTraits (0ms)
			SetupTypeCache (1208ms)
			ReleaseScriptCaches (0ms)
			RebuildScriptCaches (62ms)
			SetupLoadedEditorAssemblies (707ms)
				LogAssemblyErrors (0ms)
				InitializePlatformSupportModulesInManaged (5ms)
				SetLoadedEditorAssemblies (0ms)
				RefreshPlugins (55ms)
				BeforeProcessingInitializeOnLoad (123ms)
				ProcessInitializeOnLoadAttributes (491ms)
				ProcessInitializeOnLoadMethodAttributes (16ms)
				AfterProcessingInitializeOnLoad (17ms)
				EditorAssembliesLoaded (0ms)
			ExecutionOrderSort2 (0ms)
			AwakeInstancesAfterBackupRestoration (6ms)
Platform modules already initialized, skipping
========================================================================
Worker process is ready to serve import requests
Launched and connected shader compiler UnityShaderCompiler.exe after 0.18 seconds
Refreshing native plugins compatible for Editor in 0.44 ms, found 3 plugins.
Preloading 0 native plugins for Editor in 0.00 ms.
Unloading 2091 Unused Serialized files (Serialized files now loaded: 0)
System memory in use before: 93.0 MB.
System memory in use after: 93.1 MB.

Unloading 28 unused Assets to reduce memory usage. Loaded Objects now: 2528.
Total: 3.647300 ms (FindLiveObjects: 0.219700 ms CreateObjectMapping: 0.088600 ms MarkObjects: 3.262800 ms  DeleteObjects: 0.074800 ms)

AssetImportParameters requested are different than current active one (requested -> active):
  custom:framework-win-MediaFoundation: 216162199b28c13a410421893ffa2e32 -> 
  custom:video-decoder-ogg-theora: a1e56fd34408186e4bbccfd4996cb3dc -> 
  custom:container-muxer-webm: aa71ff27fc2769a1b78a27578f13a17b -> 
  custom:container-demuxer-webm: 4f35f7cbe854078d1ac9338744f61a02 -> 
  custom:container-demuxer-ogg: 62fdf1f143b41e24485cea50d1cbac27 -> 
  custom:video-encoder-webm-vp8: eb34c28f22e8b96e1ab97ce403110664 -> 
  custom:video-decoder-webm-vp8: 9c59270c3fd7afecdb556c50c9e8de78 -> 
  custom:audio-decoder-ogg-vorbis: bf7c407c2cedff20999df2af8eb42d56 -> 
  custom:audio-encoder-webm-vorbis: bf7c407c2cedff20999df2af8eb42d56 -> 
========================================================================
Received Import Request.
  path: Assets/Scenes
  artifactKey: Guid(86bddbeb555f4764a8f43417aa499293) Importer(815301076,1909f56bfc062723c751e8b465ee728b)
Start importing Assets/Scenes using Guid(86bddbeb555f4764a8f43417aa499293) Importer(815301076,1909f56bfc062723c751e8b465ee728b)  -> (artifact id: 'b1fbbdf83a188d2eef11e28896e323eb') in 0.037453 seconds 
  Import took 0.040532 seconds .

========================================================================
Received Import Request.
  Time since last request: 529.548235 seconds.
  path: Assets/Assets/Media
  artifactKey: Guid(a9f5f52824f11de44a7c186c696def05) Importer(815301076,1909f56bfc062723c751e8b465ee728b)
Start importing Assets/Assets/Media using Guid(a9f5f52824f11de44a7c186c696def05) Importer(815301076,1909f56bfc062723c751e8b465ee728b)  -> (artifact id: '3dbc13b8ae81c05bf15147139606bfc5') in 0.009073 seconds 
  Import took 0.014143 seconds .

========================================================================
Received Import Request.
  Time since last request: 0.075834 seconds.
  path: Assets/Assets/Media/ETGMenu.jpg
  artifactKey: Guid(a7f3e1bee9098f5459aa420ec4d79878) Importer(815301076,1909f56bfc062723c751e8b465ee728b)
Start importing Assets/Assets/Media/ETGMenu.jpg using Guid(a7f3e1bee9098f5459aa420ec4d79878) Importer(815301076,1909f56bfc062723c751e8b465ee728b)  -> (artifact id: '9f397100d6f4e27dc6fa53e530a669e8') in 0.261522 seconds 
  Import took 0.264951 seconds .

========================================================================
Received Import Request.
  Time since last request: 0.000374 seconds.
  path: Assets/Assets/Media/generatedtext.png
  artifactKey: Guid(2caf0d89bb4810843991662143459e40) Importer(815301076,1909f56bfc062723c751e8b465ee728b)
Start importing Assets/Assets/Media/generatedtext.png using Guid(2caf0d89bb4810843991662143459e40) Importer(815301076,1909f56bfc062723c751e8b465ee728b)  -> (artifact id: '4f943637b280a545a3e638fae67ca753') in 0.025573 seconds 
  Import took 0.029781 seconds .

========================================================================
Received Import Request.
  Time since last request: 0.003976 seconds.
  path: Assets/Assets/Media/generatedtext.png
  artifactKey: Guid(2caf0d89bb4810843991662143459e40) Importer(815301076,1909f56bfc062723c751e8b465ee728b)
Start importing Assets/Assets/Media/generatedtext.png using Guid(2caf0d89bb4810843991662143459e40) Importer(815301076,1909f56bfc062723c751e8b465ee728b)  -> (artifact id: '4f943637b280a545a3e638fae67ca753') in 0.017777 seconds 
  Import took 0.022105 seconds .

========================================================================
Received Import Request.
  Time since last request: 94752.295988 seconds.
  path: Assets/Assets/Pack
  artifactKey: Guid(fd892a8d69f0c814581a58f141ff6909) Importer(815301076,1909f56bfc062723c751e8b465ee728b)
Start importing Assets/Assets/Pack using Guid(fd892a8d69f0c814581a58f141ff6909) Importer(815301076,1909f56bfc062723c751e8b465ee728b)  -> (artifact id: '31116dd349fdb586c98866df819c4d3c') in 0.081737 seconds 
  Import took 0.143960 seconds .

========================================================================
Received Import Request.
  Time since last request: 0.000488 seconds.
  path: Assets/Assets/Pack/TileSet.png
  artifactKey: Guid(ced3663fd667b0a419922c3a9f2b1ebc) Importer(815301076,1909f56bfc062723c751e8b465ee728b)
Start importing Assets/Assets/Pack/TileSet.png using Guid(ced3663fd667b0a419922c3a9f2b1ebc) Importer(815301076,1909f56bfc062723c751e8b465ee728b)  -> (artifact id: 'de9c1561f6b99399e03a2d3c1b1dbaf9') in 0.554480 seconds 
  Import took 0.600954 seconds .

========================================================================
Received Import Request.
  Time since last request: 2.102359 seconds.
  path: Assets/Assets/Pack/Background
  artifactKey: Guid(3bbf2c59c44d760429addb026cd894e7) Importer(815301076,1909f56bfc062723c751e8b465ee728b)
Start importing Assets/Assets/Pack/Background using Guid(3bbf2c59c44d760429addb026cd894e7) Importer(815301076,1909f56bfc062723c751e8b465ee728b)  -> (artifact id: 'e5c7af42d5efee4dddaea963daad55a5') in 0.009695 seconds 
  Import took 0.038571 seconds .

========================================================================
Received Import Request.
  Time since last request: 0.000422 seconds.
  path: Assets/Assets/Pack/Background/Water Reflexion.png
  artifactKey: Guid(d391a83ac21a9644b97ec5a5643bb088) Importer(815301076,1909f56bfc062723c751e8b465ee728b)
Start importing Assets/Assets/Pack/Background/Water Reflexion.png using Guid(d391a83ac21a9644b97ec5a5643bb088) Importer(815301076,1909f56bfc062723c751e8b465ee728b)  -> (artifact id: 'b36e7e1b9e97bcbb42787017714245b3') in 0.128243 seconds 
  Import took 0.132920 seconds .

========================================================================
Received Import Request.
  Time since last request: 0.000446 seconds.
  path: Assets/Assets/Pack/Background/Sky BG 1.png
  artifactKey: Guid(06be28db4fcb83c468e4ed3abb66e916) Importer(815301076,1909f56bfc062723c751e8b465ee728b)
Start importing Assets/Assets/Pack/Background/Sky BG 1.png using Guid(06be28db4fcb83c468e4ed3abb66e916) Importer(815301076,1909f56bfc062723c751e8b465ee728b)  -> (artifact id: 'a00ac1ba238a0c56d9e347f1c405fc3d') in 0.224483 seconds 
  Import took 0.296681 seconds .

========================================================================
Received Import Request.
  Time since last request: 0.000363 seconds.
  path: Assets/Assets/Pack/Background/Clouds.png
  artifactKey: Guid(538b8a30795568c4fba9a44ca36181c9) Importer(815301076,1909f56bfc062723c751e8b465ee728b)
Start importing Assets/Assets/Pack/Background/Clouds.png using Guid(538b8a30795568c4fba9a44ca36181c9) Importer(815301076,1909f56bfc062723c751e8b465ee728b)  -> (artifact id: '4f62bb02eb75220ba8620c80ab9f1181') in 0.249337 seconds 
  Import took 0.252318 seconds .

========================================================================
Received Import Request.
  Time since last request: 0.000327 seconds.
  path: Assets/Assets/Pack/Background/Grass 2.png
  artifactKey: Guid(71e1003e3def7a2458e9caab14af9e14) Importer(815301076,1909f56bfc062723c751e8b465ee728b)
Start importing Assets/Assets/Pack/Background/Grass 2.png using Guid(71e1003e3def7a2458e9caab14af9e14) Importer(815301076,1909f56bfc062723c751e8b465ee728b)  -> (artifact id: 'a273b0395f070540c4395d0578e19a97') in 0.174649 seconds 
  Import took 0.199718 seconds .

========================================================================
Received Import Request.
  Time since last request: 0.000402 seconds.
  path: Assets/Assets/Pack/Background/Sky BG 2.png
  artifactKey: Guid(12f69450f490bd444aa8a0e2534ce34a) Importer(815301076,1909f56bfc062723c751e8b465ee728b)
Start importing Assets/Assets/Pack/Background/Sky BG 2.png using Guid(12f69450f490bd444aa8a0e2534ce34a) Importer(815301076,1909f56bfc062723c751e8b465ee728b)  -> (artifact id: '951d30868b22d5f2be0bbd09857f5c63') in 0.217100 seconds 
  Import took 0.220880 seconds .

========================================================================
Received Import Request.
  Time since last request: 0.000371 seconds.
  path: Assets/Assets/Pack/Background/Grass 1.png
  artifactKey: Guid(6fb301321fb480446a2ecb1fc02ccd88) Importer(815301076,1909f56bfc062723c751e8b465ee728b)
Start importing Assets/Assets/Pack/Background/Grass 1.png using Guid(6fb301321fb480446a2ecb1fc02ccd88) Importer(815301076,1909f56bfc062723c751e8b465ee728b)  -> (artifact id: '540bab8dfdcd5e425642f210e9e6c320') in 0.182302 seconds 
  Import took 0.248927 seconds .

========================================================================
Received Import Request.
  Time since last request: 0.000337 seconds.
  path: Assets/Assets/Pack/Background/Water.png
  artifactKey: Guid(5de777e25e9c9cf47a32b478c341344b) Importer(815301076,1909f56bfc062723c751e8b465ee728b)
Start importing Assets/Assets/Pack/Background/Water.png using Guid(5de777e25e9c9cf47a32b478c341344b) Importer(815301076,1909f56bfc062723c751e8b465ee728b)  -> (artifact id: '02eeaa5fcdf3c213a5d63513b4aacfc5') in 0.126985 seconds 
  Import took 0.192406 seconds .

========================================================================
Received Import Request.
  Time since last request: 277.338153 seconds.
  path: Assets/Scripts
  artifactKey: Guid(90860919ea67f2145a5bf29d0d6b2ba6) Importer(815301076,1909f56bfc062723c751e8b465ee728b)
Start importing Assets/Scripts using Guid(90860919ea67f2145a5bf29d0d6b2ba6) Importer(815301076,1909f56bfc062723c751e8b465ee728b)  -> (artifact id: 'c838150bde7cdf25811448ce45362ac6') in 0.010096 seconds 
  Import took 0.014693 seconds .

========================================================================
Received Import Request.
  Time since last request: 0.000646 seconds.
  path: Assets/Scripts
  artifactKey: Guid(90860919ea67f2145a5bf29d0d6b2ba6) Importer(815301076,1909f56bfc062723c751e8b465ee728b)
Start importing Assets/Scripts using Guid(90860919ea67f2145a5bf29d0d6b2ba6) Importer(815301076,1909f56bfc062723c751e8b465ee728b)  -> (artifact id: 'c838150bde7cdf25811448ce45362ac6') in 0.003161 seconds 
  Import took 0.008157 seconds .

========================================================================
Received Prepare
Registering precompiled user dll's ...
Registered in 0.644606 seconds.
Begin MonoManager ReloadAssembly
Native extension for WindowsStandalone target not found
Refreshing native plugins compatible for Editor in 0.50 ms, found 3 plugins.
Preloading 0 native plugins for Editor in 0.00 ms.
Mono: successfully reloaded assembly
- Completed reload, in  1.608 seconds
Domain Reload Profiling:
	ReloadAssembly (1610ms)
		BeginReloadAssembly (274ms)
			ExecutionOrderSort (0ms)
			DisableScriptedObjects (18ms)
			BackupInstance (0ms)
			ReleaseScriptingObjects (0ms)
			CreateAndSetChildDomain (122ms)
		EndReloadAssembly (1246ms)
			LoadAssemblies (146ms)
			RebuildTransferFunctionScriptingTraits (0ms)
			SetupTypeCache (338ms)
			ReleaseScriptCaches (1ms)
			RebuildScriptCaches (42ms)
			SetupLoadedEditorAssemblies (608ms)
				LogAssemblyErrors (0ms)
				InitializePlatformSupportModulesInManaged (7ms)
				SetLoadedEditorAssemblies (1ms)
				RefreshPlugins (1ms)
				BeforeProcessingInitializeOnLoad (125ms)
				ProcessInitializeOnLoadAttributes (453ms)
				ProcessInitializeOnLoadMethodAttributes (5ms)
				AfterProcessingInitializeOnLoad (16ms)
				EditorAssembliesLoaded (0ms)
			ExecutionOrderSort2 (0ms)
			AwakeInstancesAfterBackupRestoration (12ms)
Platform modules already initialized, skipping
Refreshing native plugins compatible for Editor in 0.53 ms, found 3 plugins.
Preloading 0 native plugins for Editor in 0.00 ms.
Unloading 2083 Unused Serialized files (Serialized files now loaded: 0)
System memory in use before: 95.4 MB.
System memory in use after: 95.6 MB.

Unloading 16 unused Assets to reduce memory usage. Loaded Objects now: 2545.
Total: 3.763800 ms (FindLiveObjects: 0.248800 ms CreateObjectMapping: 0.093200 ms MarkObjects: 3.399200 ms  DeleteObjects: 0.021100 ms)

AssetImportParameters requested are different than current active one (requested -> active):
  custom:framework-win-MediaFoundation: 216162199b28c13a410421893ffa2e32 -> 
  custom:video-decoder-ogg-theora: a1e56fd34408186e4bbccfd4996cb3dc -> 
  custom:container-muxer-webm: aa71ff27fc2769a1b78a27578f13a17b -> 
  custom:container-demuxer-webm: 4f35f7cbe854078d1ac9338744f61a02 -> 
  custom:container-demuxer-ogg: 62fdf1f143b41e24485cea50d1cbac27 -> 
  custom:video-encoder-webm-vp8: eb34c28f22e8b96e1ab97ce403110664 -> 
  custom:video-decoder-webm-vp8: 9c59270c3fd7afecdb556c50c9e8de78 -> 
  custom:audio-decoder-ogg-vorbis: bf7c407c2cedff20999df2af8eb42d56 -> 
  custom:audio-encoder-webm-vorbis: bf7c407c2cedff20999df2af8eb42d56 -> 
========================================================================
Received Import Request.
  Time since last request: 129.332245 seconds.
  path: Assets/Scripts/MenuController.cs
  artifactKey: Guid(e014b993018eb0144b901d3fcd5228d5) Importer(815301076,1909f56bfc062723c751e8b465ee728b)
Start importing Assets/Scripts/MenuController.cs using Guid(e014b993018eb0144b901d3fcd5228d5) Importer(815301076,1909f56bfc062723c751e8b465ee728b)  -> (artifact id: '230a1eac22dbb905f658601b59d5b2e6') in 0.023946 seconds 
  Import took 0.058807 seconds .

========================================================================
Received Import Request.
  Time since last request: 1.388165 seconds.
  path: Assets/Scenes/Integrantes.unity
  artifactKey: Guid(a2d468353b136f54e8f5ed2be08770a4) Importer(815301076,1909f56bfc062723c751e8b465ee728b)
Start importing Assets/Scenes/Integrantes.unity using Guid(a2d468353b136f54e8f5ed2be08770a4) Importer(815301076,1909f56bfc062723c751e8b465ee728b)  -> (artifact id: '347128bb387e6af0a034331adcfbe158') in 0.016158 seconds 
  Import took 0.050587 seconds .

========================================================================
Received Import Request.
  Time since last request: 32.273651 seconds.
  path: Assets/Scripts/MenuController.cs
  artifactKey: Guid(e014b993018eb0144b901d3fcd5228d5) Importer(815301076,1909f56bfc062723c751e8b465ee728b)
Start importing Assets/Scripts/MenuController.cs using Guid(e014b993018eb0144b901d3fcd5228d5) Importer(815301076,1909f56bfc062723c751e8b465ee728b)  -> (artifact id: '0cec6b1d9062bce105bf6da0fbc10ff2') in 0.003128 seconds 
  Import took 0.007084 seconds .

========================================================================
Received Prepare
Registering precompiled user dll's ...
Registered in 0.010216 seconds.
Begin MonoManager ReloadAssembly
Native extension for WindowsStandalone target not found
Refreshing native plugins compatible for Editor in 0.45 ms, found 3 plugins.
Preloading 0 native plugins for Editor in 0.00 ms.
Mono: successfully reloaded assembly
- Completed reload, in  1.291 seconds
Domain Reload Profiling:
	ReloadAssembly (1291ms)
		BeginReloadAssembly (153ms)
			ExecutionOrderSort (0ms)
			DisableScriptedObjects (8ms)
			BackupInstance (0ms)
			ReleaseScriptingObjects (0ms)
			CreateAndSetChildDomain (36ms)
		EndReloadAssembly (1049ms)
			LoadAssemblies (139ms)
			RebuildTransferFunctionScriptingTraits (0ms)
			SetupTypeCache (328ms)
			ReleaseScriptCaches (1ms)
			RebuildScriptCaches (44ms)
			SetupLoadedEditorAssemblies (428ms)
				LogAssemblyErrors (0ms)
				InitializePlatformSupportModulesInManaged (6ms)
				SetLoadedEditorAssemblies (0ms)
				RefreshPlugins (1ms)
				BeforeProcessingInitializeOnLoad (130ms)
				ProcessInitializeOnLoadAttributes (270ms)
				ProcessInitializeOnLoadMethodAttributes (6ms)
				AfterProcessingInitializeOnLoad (15ms)
				EditorAssembliesLoaded (0ms)
			ExecutionOrderSort2 (0ms)
			AwakeInstancesAfterBackupRestoration (10ms)
Platform modules already initialized, skipping
Refreshing native plugins compatible for Editor in 0.51 ms, found 3 plugins.
Preloading 0 native plugins for Editor in 0.00 ms.
Unloading 2083 Unused Serialized files (Serialized files now loaded: 0)
System memory in use before: 95.5 MB.
System memory in use after: 95.6 MB.

Unloading 16 unused Assets to reduce memory usage. Loaded Objects now: 2548.
Total: 3.750700 ms (FindLiveObjects: 0.275100 ms CreateObjectMapping: 0.100600 ms MarkObjects: 3.341700 ms  DeleteObjects: 0.031700 ms)

AssetImportParameters requested are different than current active one (requested -> active):
  custom:framework-win-MediaFoundation: 216162199b28c13a410421893ffa2e32 -> 
  custom:video-decoder-ogg-theora: a1e56fd34408186e4bbccfd4996cb3dc -> 
  custom:container-muxer-webm: aa71ff27fc2769a1b78a27578f13a17b -> 
  custom:container-demuxer-webm: 4f35f7cbe854078d1ac9338744f61a02 -> 
  custom:container-demuxer-ogg: 62fdf1f143b41e24485cea50d1cbac27 -> 
  custom:video-encoder-webm-vp8: eb34c28f22e8b96e1ab97ce403110664 -> 
  custom:video-decoder-webm-vp8: 9c59270c3fd7afecdb556c50c9e8de78 -> 
  custom:audio-decoder-ogg-vorbis: bf7c407c2cedff20999df2af8eb42d56 -> 
  custom:audio-encoder-webm-vorbis: bf7c407c2cedff20999df2af8eb42d56 -> 
========================================================================
Received Import Request.
  Time since last request: 40.902909 seconds.
  path: Assets/Scripts/MenuController.cs
  artifactKey: Guid(e014b993018eb0144b901d3fcd5228d5) Importer(815301076,1909f56bfc062723c751e8b465ee728b)
Start importing Assets/Scripts/MenuController.cs using Guid(e014b993018eb0144b901d3fcd5228d5) Importer(815301076,1909f56bfc062723c751e8b465ee728b)  -> (artifact id: '2828c208c91e902e57e108db44250ca2') in 0.005404 seconds 
  Import took 0.008866 seconds .

========================================================================
Received Import Request.
  Time since last request: 23.886900 seconds.
  path: Assets/Scenes/Menu.unity
  artifactKey: Guid(2cda990e2423bbf4892e6590ba056729) Importer(815301076,1909f56bfc062723c751e8b465ee728b)
Start importing Assets/Scenes/Menu.unity using Guid(2cda990e2423bbf4892e6590ba056729) Importer(815301076,1909f56bfc062723c751e8b465ee728b)  -> (artifact id: 'b310d5599b169a3160ab7b71e3455084') in 0.015980 seconds 
  Import took 0.019919 seconds .

========================================================================
Received Import Request.
  Time since last request: 1.218670 seconds.
  path: Assets/Scenes/GameOver.unity
  artifactKey: Guid(9d113869dc703da4e9bd8c6c3ac4b308) Importer(815301076,1909f56bfc062723c751e8b465ee728b)
Start importing Assets/Scenes/GameOver.unity using Guid(9d113869dc703da4e9bd8c6c3ac4b308) Importer(815301076,1909f56bfc062723c751e8b465ee728b)  -> (artifact id: '216a299475406a9eb0df2e6bfad70708') in 0.010091 seconds 
  Import took 0.013610 seconds .

========================================================================
Received Import Request.
  Time since last request: 0.315528 seconds.
  path: Assets/Scenes/Game.unity
  artifactKey: Guid(c1186d9f0cb721148b2149da4c572337) Importer(815301076,1909f56bfc062723c751e8b465ee728b)
Start importing Assets/Scenes/Game.unity using Guid(c1186d9f0cb721148b2149da4c572337) Importer(815301076,1909f56bfc062723c751e8b465ee728b)  -> (artifact id: '9e3b804073bd93f910553d4de7ff7595') in 0.008031 seconds 
  Import took 0.012805 seconds .

========================================================================
Received Prepare
Registering precompiled user dll's ...
Registered in 0.011145 seconds.
Begin MonoManager ReloadAssembly
Native extension for WindowsStandalone target not found
Refreshing native plugins compatible for Editor in 0.51 ms, found 3 plugins.
Preloading 0 native plugins for Editor in 0.00 ms.
Mono: successfully reloaded assembly
- Completed reload, in  1.378 seconds
Domain Reload Profiling:
	ReloadAssembly (1379ms)
		BeginReloadAssembly (169ms)
			ExecutionOrderSort (0ms)
			DisableScriptedObjects (7ms)
			BackupInstance (0ms)
			ReleaseScriptingObjects (0ms)
			CreateAndSetChildDomain (38ms)
		EndReloadAssembly (1115ms)
			LoadAssemblies (148ms)
			RebuildTransferFunctionScriptingTraits (0ms)
			SetupTypeCache (350ms)
			ReleaseScriptCaches (1ms)
			RebuildScriptCaches (46ms)
			SetupLoadedEditorAssemblies (461ms)
				LogAssemblyErrors (0ms)
				InitializePlatformSupportModulesInManaged (6ms)
				SetLoadedEditorAssemblies (1ms)
				RefreshPlugins (1ms)
				BeforeProcessingInitializeOnLoad (142ms)
				ProcessInitializeOnLoadAttributes (287ms)
				ProcessInitializeOnLoadMethodAttributes (6ms)
				AfterProcessingInitializeOnLoad (19ms)
				EditorAssembliesLoaded (0ms)
			ExecutionOrderSort2 (0ms)
			AwakeInstancesAfterBackupRestoration (15ms)
Platform modules already initialized, skipping
Refreshing native plugins compatible for Editor in 0.45 ms, found 3 plugins.
Preloading 0 native plugins for Editor in 0.00 ms.
Unloading 2083 Unused Serialized files (Serialized files now loaded: 0)
System memory in use before: 95.5 MB.
System memory in use after: 95.7 MB.

Unloading 16 unused Assets to reduce memory usage. Loaded Objects now: 2551.
Total: 3.734200 ms (FindLiveObjects: 0.219900 ms CreateObjectMapping: 0.092200 ms MarkObjects: 3.397100 ms  DeleteObjects: 0.023400 ms)

AssetImportParameters requested are different than current active one (requested -> active):
  custom:framework-win-MediaFoundation: 216162199b28c13a410421893ffa2e32 -> 
  custom:video-decoder-ogg-theora: a1e56fd34408186e4bbccfd4996cb3dc -> 
  custom:container-muxer-webm: aa71ff27fc2769a1b78a27578f13a17b -> 
  custom:container-demuxer-webm: 4f35f7cbe854078d1ac9338744f61a02 -> 
  custom:container-demuxer-ogg: 62fdf1f143b41e24485cea50d1cbac27 -> 
  custom:video-encoder-webm-vp8: eb34c28f22e8b96e1ab97ce403110664 -> 
  custom:video-decoder-webm-vp8: 9c59270c3fd7afecdb556c50c9e8de78 -> 
  custom:audio-decoder-ogg-vorbis: bf7c407c2cedff20999df2af8eb42d56 -> 
  custom:audio-encoder-webm-vorbis: bf7c407c2cedff20999df2af8eb42d56 -> 
========================================================================
Received Prepare
Registering precompiled user dll's ...
Registered in 0.010852 seconds.
Begin MonoManager ReloadAssembly
Native extension for WindowsStandalone target not found
Refreshing native plugins compatible for Editor in 0.47 ms, found 3 plugins.
Preloading 0 native plugins for Editor in 0.00 ms.
Mono: successfully reloaded assembly
- Completed reload, in  1.354 seconds
Domain Reload Profiling:
	ReloadAssembly (1354ms)
		BeginReloadAssembly (156ms)
			ExecutionOrderSort (0ms)
			DisableScriptedObjects (6ms)
			BackupInstance (0ms)
			ReleaseScriptingObjects (0ms)
			CreateAndSetChildDomain (34ms)
		EndReloadAssembly (1085ms)
			LoadAssemblies (155ms)
			RebuildTransferFunctionScriptingTraits (0ms)
			SetupTypeCache (329ms)
			ReleaseScriptCaches (1ms)
			RebuildScriptCaches (49ms)
			SetupLoadedEditorAssemblies (451ms)
				LogAssemblyErrors (0ms)
				InitializePlatformSupportModulesInManaged (6ms)
				SetLoadedEditorAssemblies (0ms)
				RefreshPlugins (1ms)
				BeforeProcessingInitializeOnLoad (133ms)
				ProcessInitializeOnLoadAttributes (289ms)
				ProcessInitializeOnLoadMethodAttributes (6ms)
				AfterProcessingInitializeOnLoad (16ms)
				EditorAssembliesLoaded (0ms)
			ExecutionOrderSort2 (0ms)
			AwakeInstancesAfterBackupRestoration (12ms)
Platform modules already initialized, skipping
Refreshing native plugins compatible for Editor in 0.50 ms, found 3 plugins.
Preloading 0 native plugins for Editor in 0.00 ms.
Unloading 2083 Unused Serialized files (Serialized files now loaded: 0)
System memory in use before: 95.6 MB.
System memory in use after: 95.7 MB.

Unloading 16 unused Assets to reduce memory usage. Loaded Objects now: 2554.
Total: 3.336400 ms (FindLiveObjects: 0.232900 ms CreateObjectMapping: 0.156000 ms MarkObjects: 2.917600 ms  DeleteObjects: 0.028700 ms)

AssetImportParameters requested are different than current active one (requested -> active):
  custom:framework-win-MediaFoundation: 216162199b28c13a410421893ffa2e32 -> 
  custom:video-decoder-ogg-theora: a1e56fd34408186e4bbccfd4996cb3dc -> 
  custom:container-muxer-webm: aa71ff27fc2769a1b78a27578f13a17b -> 
  custom:container-demuxer-webm: 4f35f7cbe854078d1ac9338744f61a02 -> 
  custom:container-demuxer-ogg: 62fdf1f143b41e24485cea50d1cbac27 -> 
  custom:video-encoder-webm-vp8: eb34c28f22e8b96e1ab97ce403110664 -> 
  custom:video-decoder-webm-vp8: 9c59270c3fd7afecdb556c50c9e8de78 -> 
  custom:audio-decoder-ogg-vorbis: bf7c407c2cedff20999df2af8eb42d56 -> 
  custom:audio-encoder-webm-vorbis: bf7c407c2cedff20999df2af8eb42d56 -> 
========================================================================
Received Prepare
Registering precompiled user dll's ...
Registered in 0.009697 seconds.
Begin MonoManager ReloadAssembly
Native extension for WindowsStandalone target not found
Refreshing native plugins compatible for Editor in 0.55 ms, found 3 plugins.
Preloading 0 native plugins for Editor in 0.00 ms.
Mono: successfully reloaded assembly
- Completed reload, in  1.310 seconds
Domain Reload Profiling:
	ReloadAssembly (1310ms)
		BeginReloadAssembly (172ms)
			ExecutionOrderSort (0ms)
			DisableScriptedObjects (8ms)
			BackupInstance (0ms)
			ReleaseScriptingObjects (0ms)
			CreateAndSetChildDomain (36ms)
		EndReloadAssembly (1050ms)
			LoadAssemblies (152ms)
			RebuildTransferFunctionScriptingTraits (0ms)
			SetupTypeCache (308ms)
			ReleaseScriptCaches (1ms)
			RebuildScriptCaches (47ms)
			SetupLoadedEditorAssemblies (449ms)
				LogAssemblyErrors (0ms)
				InitializePlatformSupportModulesInManaged (6ms)
				SetLoadedEditorAssemblies (1ms)
				RefreshPlugins (1ms)
				BeforeProcessingInitializeOnLoad (132ms)
				ProcessInitializeOnLoadAttributes (285ms)
				ProcessInitializeOnLoadMethodAttributes (6ms)
				AfterProcessingInitializeOnLoad (18ms)
				EditorAssembliesLoaded (0ms)
			ExecutionOrderSort2 (0ms)
			AwakeInstancesAfterBackupRestoration (12ms)
Platform modules already initialized, skipping
Refreshing native plugins compatible for Editor in 0.48 ms, found 3 plugins.
Preloading 0 native plugins for Editor in 0.00 ms.
Unloading 2083 Unused Serialized files (Serialized files now loaded: 0)
System memory in use before: 95.6 MB.
System memory in use after: 95.7 MB.

Unloading 16 unused Assets to reduce memory usage. Loaded Objects now: 2557.
Total: 3.344800 ms (FindLiveObjects: 0.212700 ms CreateObjectMapping: 0.078200 ms MarkObjects: 3.033300 ms  DeleteObjects: 0.019500 ms)

AssetImportParameters requested are different than current active one (requested -> active):
  custom:framework-win-MediaFoundation: 216162199b28c13a410421893ffa2e32 -> 
  custom:video-decoder-ogg-theora: a1e56fd34408186e4bbccfd4996cb3dc -> 
  custom:container-muxer-webm: aa71ff27fc2769a1b78a27578f13a17b -> 
  custom:container-demuxer-webm: 4f35f7cbe854078d1ac9338744f61a02 -> 
  custom:container-demuxer-ogg: 62fdf1f143b41e24485cea50d1cbac27 -> 
  custom:video-encoder-webm-vp8: eb34c28f22e8b96e1ab97ce403110664 -> 
  custom:video-decoder-webm-vp8: 9c59270c3fd7afecdb556c50c9e8de78 -> 
  custom:audio-decoder-ogg-vorbis: bf7c407c2cedff20999df2af8eb42d56 -> 
  custom:audio-encoder-webm-vorbis: bf7c407c2cedff20999df2af8eb42d56 -> 
========================================================================
Received Import Request.
  Time since last request: 607.343067 seconds.
  path: Assets/Scripts/Helpers
  artifactKey: Guid(b940fd6702d678545b4baa2e19d2b7c2) Importer(815301076,1909f56bfc062723c751e8b465ee728b)
Start importing Assets/Scripts/Helpers using Guid(b940fd6702d678545b4baa2e19d2b7c2) Importer(815301076,1909f56bfc062723c751e8b465ee728b)  -> (artifact id: '1897314f1d85b51adc3bd8adad4da753') in 0.013255 seconds 
  Import took 0.017878 seconds .

========================================================================
Received Import Request.
  Time since last request: 2.732012 seconds.
  path: Assets/Assets
  artifactKey: Guid(2945c5a649578224bb6a62088c5e4727) Importer(815301076,1909f56bfc062723c751e8b465ee728b)
Start importing Assets/Assets using Guid(2945c5a649578224bb6a62088c5e4727) Importer(815301076,1909f56bfc062723c751e8b465ee728b)  -> (artifact id: '923bea7909de4a7ed55ff5a0a3a7e58a') in 0.008351 seconds 
  Import took 0.011434 seconds .

========================================================================
Received Import Request.
  Time since last request: 0.823602 seconds.
  path: Assets/Assets/Media/aaron-ward-dashes.jpg
  artifactKey: Guid(bde16683c2f064844942fafd45cf3496) Importer(815301076,1909f56bfc062723c751e8b465ee728b)
Start importing Assets/Assets/Media/aaron-ward-dashes.jpg using Guid(bde16683c2f064844942fafd45cf3496) Importer(815301076,1909f56bfc062723c751e8b465ee728b)  -> (artifact id: 'f6b2a5af22d7d58cf85397f537a40167') in 0.060382 seconds 
  Import took 0.063556 seconds .

========================================================================
Received Import Request.
  Time since last request: 0.000339 seconds.
  path: Assets/Assets/Media/aaron-ward-idle-jump-run-walk.jpg
  artifactKey: Guid(00d072ebc598a22469f2cadcdec3093f) Importer(815301076,1909f56bfc062723c751e8b465ee728b)
Start importing Assets/Assets/Media/aaron-ward-idle-jump-run-walk.jpg using Guid(00d072ebc598a22469f2cadcdec3093f) Importer(815301076,1909f56bfc062723c751e8b465ee728b)  -> (artifact id: '704900a9f599e7c0809b787f80518bbd') in 0.018018 seconds 
  Import took 0.020868 seconds .

========================================================================
Received Import Request.
  Time since last request: 0.000382 seconds.
  path: Assets/Assets/Media/generatedtext.png
  artifactKey: Guid(2caf0d89bb4810843991662143459e40) Importer(815301076,1909f56bfc062723c751e8b465ee728b)
Start importing Assets/Assets/Media/generatedtext.png using Guid(2caf0d89bb4810843991662143459e40) Importer(815301076,1909f56bfc062723c751e8b465ee728b)  -> (artifact id: 'e05cbb6c186157c1f0fae325765bb533') in 0.021324 seconds 
  Import took 0.024826 seconds .

========================================================================
Received Import Request.
  Time since last request: 90.896642 seconds.
  path: Assets/Assets/Media/Screenshot_1428.png
  artifactKey: Guid(d96ae53e09b64d04e9ce70ef2be7420d) Importer(815301076,1909f56bfc062723c751e8b465ee728b)
Start importing Assets/Assets/Media/Screenshot_1428.png using Guid(d96ae53e09b64d04e9ce70ef2be7420d) Importer(815301076,1909f56bfc062723c751e8b465ee728b)  -> (artifact id: '8bd63666d5f842af4e7099f2625e8621') in 0.024701 seconds 
  Import took 0.028135 seconds .

AssetImportWorkerClient::OnTransportError - code=2 error=End of file
